[debug] [2024-01-29T20:54:53.458Z] ----------------------------------------------------------------------
[debug] [2024-01-29T20:54:53.460Z] Command:       C:\Program Files\nodejs\node.exe C:\Users\ItaPi\AppData\Roaming\npm\node_modules\firebase-tools\lib\bin\firebase.js init
[debug] [2024-01-29T20:54:53.461Z] CLI Version:   13.0.3
[debug] [2024-01-29T20:54:53.461Z] Platform:      win32
[debug] [2024-01-29T20:54:53.461Z] Node Version:  v18.16.0
[debug] [2024-01-29T20:54:53.462Z] Time:          Mon Jan 29 2024 14:54:53 GMT-0600 (hora estándar central)
[debug] [2024-01-29T20:54:53.462Z] ----------------------------------------------------------------------
[debug] 
[debug] [2024-01-29T20:54:53.466Z] >>> [apiv2][query] GET https://firebase-public.firebaseio.com/cli.json [none]
[debug] [2024-01-29T20:54:53.575Z] > command requires scopes: ["email","openid","https://www.googleapis.com/auth/cloudplatformprojects.readonly","https://www.googleapis.com/auth/firebase","https://www.googleapis.com/auth/cloud-platform"]
[debug] [2024-01-29T20:54:53.576Z] > authorizing via signed-in user (byron.inc.jdb@gmail.com)
[info] 
     ######## #### ########  ######## ########     ###     ######  ########
     ##        ##  ##     ## ##       ##     ##  ##   ##  ##       ##
     ######    ##  ########  ######   ########  #########  ######  ######
     ##        ##  ##    ##  ##       ##     ## ##     ##       ## ##
     ##       #### ##     ## ######## ########  ##     ##  ######  ########

You're about to initialize a Firebase project in this directory:

  C:\Users\ItaPi\OneDrive\Escritorio\KidTales\KidTalesWEB

Before we get started, keep in mind:

  * You are initializing within an existing Firebase project directory

[debug] [2024-01-29T20:54:53.741Z] <<< [apiv2][status] GET https://firebase-public.firebaseio.com/cli.json 200
[debug] [2024-01-29T20:54:53.742Z] <<< [apiv2][body] GET https://firebase-public.firebaseio.com/cli.json {"cloudBuildErrorAfter":1594252800000,"cloudBuildWarnAfter":1590019200000,"defaultNode10After":1594252800000,"minVersion":"3.0.5","node8DeploysDisabledAfter":1613390400000,"node8RuntimeDisabledAfter":1615809600000,"node8WarnAfter":1600128000000}
